{"D:\\downloads\\project\\backend\\src\\config\\database.js": {"path":"D:\\downloads\\project\\backend\\src\\config\\database.js","statementMap":{"0":{"start":{"line":5,"column":18},"end":{"line":5,"column":62}},"1":{"start":{"line":7,"column":11},"end":{"line":7,"column":73}},"2":{"start":{"line":10,"column":0},"end":{"line":10,"column":31}}},"fnMap":{},"branchMap":{},"s":{"0":0,"1":0,"2":0},"f":{},"b":{}}
,"D:\\downloads\\project\\backend\\src\\config\\db.js": {"path":"D:\\downloads\\project\\backend\\src\\config\\db.js","statementMap":{"0":{"start":{"line":1,"column":17},"end":{"line":1,"column":36}},"1":{"start":{"line":3,"column":18},"end":{"line":11,"column":1}},"2":{"start":{"line":4,"column":2},"end":{"line":10,"column":3}},"3":{"start":{"line":5,"column":17},"end":{"line":5,"column":64}},"4":{"start":{"line":6,"column":4},"end":{"line":6,"column":62}},"5":{"start":{"line":8,"column":4},"end":{"line":8,"column":45}},"6":{"start":{"line":9,"column":4},"end":{"line":9,"column":20}},"7":{"start":{"line":13,"column":0},"end":{"line":13,"column":27}}},"fnMap":{"0":{"name":"(anonymous_0)","decl":{"start":{"line":3,"column":18},"end":{"line":3,"column":19}},"loc":{"start":{"line":3,"column":30},"end":{"line":11,"column":1}},"line":3}},"branchMap":{},"s":{"0":0,"1":0,"2":0,"3":0,"4":0,"5":0,"6":0,"7":0},"f":{"0":0},"b":{}}
,"D:\\downloads\\project\\backend\\src\\controllers\\activityController.js": {"path":"D:\\downloads\\project\\backend\\src\\controllers\\activityController.js","statementMap":{"0":{"start":{"line":1,"column":17},"end":{"line":1,"column":46}},"1":{"start":{"line":3,"column":0},"end":{"line":23,"column":2}},"2":{"start":{"line":4,"column":2},"end":{"line":22,"column":3}},"3":{"start":{"line":5,"column":17},"end":{"line":5,"column":46}},"4":{"start":{"line":6,"column":18},"end":{"line":6,"column":49}},"5":{"start":{"line":7,"column":17},"end":{"line":7,"column":35}},"6":{"start":{"line":9,"column":32},"end":{"line":17,"column":6}},"7":{"start":{"line":19,"column":4},"end":{"line":19,"column":80}},"8":{"start":{"line":21,"column":4},"end":{"line":21,"column":85}}},"fnMap":{"0":{"name":"(anonymous_0)","decl":{"start":{"line":3,"column":29},"end":{"line":3,"column":30}},"loc":{"start":{"line":3,"column":49},"end":{"line":23,"column":1}},"line":3}},"branchMap":{"0":{"loc":{"start":{"line":5,"column":17},"end":{"line":5,"column":46}},"type":"binary-expr","locations":[{"start":{"line":5,"column":17},"end":{"line":5,"column":41}},{"start":{"line":5,"column":45},"end":{"line":5,"column":46}}],"line":5},"1":{"loc":{"start":{"line":6,"column":18},"end":{"line":6,"column":49}},"type":"binary-expr","locations":[{"start":{"line":6,"column":18},"end":{"line":6,"column":43}},{"start":{"line":6,"column":47},"end":{"line":6,"column":49}}],"line":6},"2":{"loc":{"start":{"line":21,"column":36},"end":{"line":21,"column":81}},"type":"binary-expr","locations":[{"start":{"line":21,"column":36},"end":{"line":21,"column":49}},{"start":{"line":21,"column":53},"end":{"line":21,"column":81}}],"line":21}},"s":{"0":0,"1":0,"2":0,"3":0,"4":0,"5":0,"6":0,"7":0,"8":0},"f":{"0":0},"b":{"0":[0,0],"1":[0,0],"2":[0,0]}}
,"D:\\downloads\\project\\backend\\src\\controllers\\authController.js": {"path":"D:\\downloads\\project\\backend\\src\\controllers\\authController.js","statementMap":{"0":{"start":{"line":1,"column":12},"end":{"line":1,"column":35}},"1":{"start":{"line":2,"column":13},"end":{"line":2,"column":38}},"2":{"start":{"line":4,"column":22},"end":{"line":5,"column":63}},"3":{"start":{"line":5,"column":2},"end":{"line":5,"column":63}},"4":{"start":{"line":7,"column":0},"end":{"line":23,"column":2}},"5":{"start":{"line":8,"column":2},"end":{"line":22,"column":3}},"6":{"start":{"line":9,"column":38},"end":{"line":9,"column":46}},"7":{"start":{"line":10,"column":25},"end":{"line":10,"column":54}},"8":{"start":{"line":11,"column":4},"end":{"line":13,"column":5}},"9":{"start":{"line":12,"column":6},"end":{"line":12,"column":75}},"10":{"start":{"line":14,"column":17},"end":{"line":14,"column":61}},"11":{"start":{"line":15,"column":18},"end":{"line":15,"column":41}},"12":{"start":{"line":16,"column":4},"end":{"line":19,"column":7}},"13":{"start":{"line":21,"column":4},"end":{"line":21,"column":72}},"14":{"start":{"line":25,"column":0},"end":{"line":40,"column":2}},"15":{"start":{"line":26,"column":2},"end":{"line":39,"column":3}},"16":{"start":{"line":27,"column":32},"end":{"line":27,"column":40}},"17":{"start":{"line":28,"column":17},"end":{"line":28,"column":66}},"18":{"start":{"line":29,"column":4},"end":{"line":31,"column":5}},"19":{"start":{"line":30,"column":6},"end":{"line":30,"column":76}},"20":{"start":{"line":32,"column":18},"end":{"line":32,"column":41}},"21":{"start":{"line":33,"column":4},"end":{"line":36,"column":7}},"22":{"start":{"line":38,"column":4},"end":{"line":38,"column":54}},"23":{"start":{"line":42,"column":0},"end":{"line":49,"column":2}},"24":{"start":{"line":43,"column":2},"end":{"line":48,"column":3}},"25":{"start":{"line":44,"column":17},"end":{"line":44,"column":49}},"26":{"start":{"line":45,"column":4},"end":{"line":45,"column":77}},"27":{"start":{"line":47,"column":4},"end":{"line":47,"column":62}}},"fnMap":{"0":{"name":"(anonymous_0)","decl":{"start":{"line":4,"column":22},"end":{"line":4,"column":23}},"loc":{"start":{"line":5,"column":2},"end":{"line":5,"column":63}},"line":5},"1":{"name":"(anonymous_1)","decl":{"start":{"line":7,"column":17},"end":{"line":7,"column":18}},"loc":{"start":{"line":7,"column":37},"end":{"line":23,"column":1}},"line":7},"2":{"name":"(anonymous_2)","decl":{"start":{"line":25,"column":16},"end":{"line":25,"column":17}},"loc":{"start":{"line":25,"column":36},"end":{"line":40,"column":1}},"line":25},"3":{"name":"(anonymous_3)","decl":{"start":{"line":42,"column":13},"end":{"line":42,"column":14}},"loc":{"start":{"line":42,"column":33},"end":{"line":49,"column":1}},"line":42}},"branchMap":{"0":{"loc":{"start":{"line":11,"column":4},"end":{"line":13,"column":5}},"type":"if","locations":[{"start":{"line":11,"column":4},"end":{"line":13,"column":5}},{"start":{},"end":{}}],"line":11},"1":{"loc":{"start":{"line":21,"column":36},"end":{"line":21,"column":68}},"type":"binary-expr","locations":[{"start":{"line":21,"column":36},"end":{"line":21,"column":49}},{"start":{"line":21,"column":53},"end":{"line":21,"column":68}}],"line":21},"2":{"loc":{"start":{"line":29,"column":4},"end":{"line":31,"column":5}},"type":"if","locations":[{"start":{"line":29,"column":4},"end":{"line":31,"column":5}},{"start":{},"end":{}}],"line":29},"3":{"loc":{"start":{"line":29,"column":8},"end":{"line":29,"column":56}},"type":"binary-expr","locations":[{"start":{"line":29,"column":8},"end":{"line":29,"column":13}},{"start":{"line":29,"column":17},"end":{"line":29,"column":56}}],"line":29}},"s":{"0":1,"1":1,"2":1,"3":0,"4":1,"5":1,"6":1,"7":1,"8":1,"9":0,"10":1,"11":0,"12":0,"13":1,"14":1,"15":2,"16":2,"17":2,"18":2,"19":2,"20":0,"21":0,"22":0,"23":1,"24":0,"25":0,"26":0,"27":0},"f":{"0":0,"1":1,"2":2,"3":0},"b":{"0":[0,1],"1":[1,0],"2":[2,0],"3":[2,0]},"_coverageSchema":"1a1c01bbd47fc00a2c39e90264f33305004495a9","hash":"f248c55dbb2b090a4b3d3c2ebf9ca786015bb052"}
,"D:\\downloads\\project\\backend\\src\\controllers\\boardController.js": {"path":"D:\\downloads\\project\\backend\\src\\controllers\\boardController.js","statementMap":{"0":{"start":{"line":1,"column":14},"end":{"line":1,"column":40}},"1":{"start":{"line":2,"column":28},"end":{"line":2,"column":64}},"2":{"start":{"line":3,"column":13},"end":{"line":3,"column":38}},"3":{"start":{"line":4,"column":13},"end":{"line":4,"column":38}},"4":{"start":{"line":5,"column":17},"end":{"line":5,"column":46}},"5":{"start":{"line":7,"column":20},"end":{"line":17,"column":1}},"6":{"start":{"line":8,"column":2},"end":{"line":16,"column":5}},"7":{"start":{"line":19,"column":0},"end":{"line":31,"column":2}},"8":{"start":{"line":20,"column":2},"end":{"line":30,"column":3}},"9":{"start":{"line":21,"column":18},"end":{"line":24,"column":6}},"10":{"start":{"line":25,"column":4},"end":{"line":25,"column":106}},"11":{"start":{"line":26,"column":4},"end":{"line":26,"column":81}},"12":{"start":{"line":27,"column":4},"end":{"line":27,"column":32}},"13":{"start":{"line":29,"column":4},"end":{"line":29,"column":81}},"14":{"start":{"line":33,"column":0},"end":{"line":63,"column":2}},"15":{"start":{"line":34,"column":2},"end":{"line":62,"column":3}},"16":{"start":{"line":35,"column":17},"end":{"line":35,"column":46}},"17":{"start":{"line":36,"column":18},"end":{"line":36,"column":49}},"18":{"start":{"line":37,"column":19},"end":{"line":37,"column":41}},"19":{"start":{"line":38,"column":17},"end":{"line":38,"column":35}},"20":{"start":{"line":40,"column":29},"end":{"line":40,"column":86}},"21":{"start":{"line":42,"column":18},"end":{"line":48,"column":5}},"22":{"start":{"line":49,"column":4},"end":{"line":52,"column":5}},"23":{"start":{"line":50,"column":20},"end":{"line":50,"column":60}},"24":{"start":{"line":51,"column":6},"end":{"line":51,"column":73}},"25":{"start":{"line":54,"column":28},"end":{"line":57,"column":6}},"26":{"start":{"line":59,"column":4},"end":{"line":59,"column":76}},"27":{"start":{"line":61,"column":4},"end":{"line":61,"column":81}},"28":{"start":{"line":65,"column":0},"end":{"line":83,"column":2}},"29":{"start":{"line":66,"column":2},"end":{"line":82,"column":3}},"30":{"start":{"line":67,"column":18},"end":{"line":77,"column":13}},"31":{"start":{"line":78,"column":4},"end":{"line":78,"column":76}},"32":{"start":{"line":78,"column":16},"end":{"line":78,"column":76}},"33":{"start":{"line":79,"column":4},"end":{"line":79,"column":20}},"34":{"start":{"line":81,"column":4},"end":{"line":81,"column":80}},"35":{"start":{"line":85,"column":0},"end":{"line":95,"column":2}},"36":{"start":{"line":86,"column":2},"end":{"line":94,"column":3}},"37":{"start":{"line":87,"column":18},"end":{"line":87,"column":87}},"38":{"start":{"line":88,"column":4},"end":{"line":88,"column":76}},"39":{"start":{"line":88,"column":16},"end":{"line":88,"column":76}},"40":{"start":{"line":89,"column":4},"end":{"line":89,"column":92}},"41":{"start":{"line":90,"column":4},"end":{"line":90,"column":81}},"42":{"start":{"line":91,"column":4},"end":{"line":91,"column":20}},"43":{"start":{"line":93,"column":4},"end":{"line":93,"column":81}},"44":{"start":{"line":97,"column":0},"end":{"line":109,"column":2}},"45":{"start":{"line":98,"column":2},"end":{"line":108,"column":3}},"46":{"start":{"line":99,"column":18},"end":{"line":99,"column":53}},"47":{"start":{"line":100,"column":4},"end":{"line":100,"column":76}},"48":{"start":{"line":100,"column":16},"end":{"line":100,"column":76}},"49":{"start":{"line":101,"column":4},"end":{"line":101,"column":48}},"50":{"start":{"line":102,"column":4},"end":{"line":102,"column":48}},"51":{"start":{"line":103,"column":4},"end":{"line":103,"column":52}},"52":{"start":{"line":104,"column":4},"end":{"line":104,"column":49}},"53":{"start":{"line":105,"column":4},"end":{"line":105,"column":43}},"54":{"start":{"line":107,"column":4},"end":{"line":107,"column":81}}},"fnMap":{"0":{"name":"(anonymous_0)","decl":{"start":{"line":7,"column":20},"end":{"line":7,"column":21}},"loc":{"start":{"line":7,"column":112},"end":{"line":17,"column":1}},"line":7},"1":{"name":"(anonymous_1)","decl":{"start":{"line":19,"column":22},"end":{"line":19,"column":23}},"loc":{"start":{"line":19,"column":42},"end":{"line":31,"column":1}},"line":19},"2":{"name":"(anonymous_2)","decl":{"start":{"line":33,"column":20},"end":{"line":33,"column":21}},"loc":{"start":{"line":33,"column":40},"end":{"line":63,"column":1}},"line":33},"3":{"name":"(anonymous_3)","decl":{"start":{"line":65,"column":19},"end":{"line":65,"column":20}},"loc":{"start":{"line":65,"column":39},"end":{"line":83,"column":1}},"line":65},"4":{"name":"(anonymous_4)","decl":{"start":{"line":85,"column":22},"end":{"line":85,"column":23}},"loc":{"start":{"line":85,"column":42},"end":{"line":95,"column":1}},"line":85},"5":{"name":"(anonymous_5)","decl":{"start":{"line":97,"column":22},"end":{"line":97,"column":23}},"loc":{"start":{"line":97,"column":42},"end":{"line":109,"column":1}},"line":97}},"branchMap":{"0":{"loc":{"start":{"line":7,"column":74},"end":{"line":7,"column":86}},"type":"default-arg","locations":[{"start":{"line":7,"column":84},"end":{"line":7,"column":86}}],"line":7},"1":{"loc":{"start":{"line":7,"column":88},"end":{"line":7,"column":107}},"type":"default-arg","locations":[{"start":{"line":7,"column":103},"end":{"line":7,"column":107}}],"line":7},"2":{"loc":{"start":{"line":29,"column":36},"end":{"line":29,"column":77}},"type":"binary-expr","locations":[{"start":{"line":29,"column":36},"end":{"line":29,"column":49}},{"start":{"line":29,"column":53},"end":{"line":29,"column":77}}],"line":29},"3":{"loc":{"start":{"line":35,"column":17},"end":{"line":35,"column":46}},"type":"binary-expr","locations":[{"start":{"line":35,"column":17},"end":{"line":35,"column":41}},{"start":{"line":35,"column":45},"end":{"line":35,"column":46}}],"line":35},"4":{"loc":{"start":{"line":36,"column":18},"end":{"line":36,"column":49}},"type":"binary-expr","locations":[{"start":{"line":36,"column":18},"end":{"line":36,"column":43}},{"start":{"line":36,"column":47},"end":{"line":36,"column":49}}],"line":36},"5":{"loc":{"start":{"line":37,"column":19},"end":{"line":37,"column":41}},"type":"binary-expr","locations":[{"start":{"line":37,"column":19},"end":{"line":37,"column":35}},{"start":{"line":37,"column":39},"end":{"line":37,"column":41}}],"line":37},"6":{"loc":{"start":{"line":49,"column":4},"end":{"line":52,"column":5}},"type":"if","locations":[{"start":{"line":49,"column":4},"end":{"line":52,"column":5}},{"start":{},"end":{}}],"line":49},"7":{"loc":{"start":{"line":61,"column":36},"end":{"line":61,"column":77}},"type":"binary-expr","locations":[{"start":{"line":61,"column":36},"end":{"line":61,"column":49}},{"start":{"line":61,"column":53},"end":{"line":61,"column":77}}],"line":61},"8":{"loc":{"start":{"line":78,"column":4},"end":{"line":78,"column":76}},"type":"if","locations":[{"start":{"line":78,"column":4},"end":{"line":78,"column":76}},{"start":{},"end":{}}],"line":78},"9":{"loc":{"start":{"line":81,"column":36},"end":{"line":81,"column":76}},"type":"binary-expr","locations":[{"start":{"line":81,"column":36},"end":{"line":81,"column":49}},{"start":{"line":81,"column":53},"end":{"line":81,"column":76}}],"line":81},"10":{"loc":{"start":{"line":88,"column":4},"end":{"line":88,"column":76}},"type":"if","locations":[{"start":{"line":88,"column":4},"end":{"line":88,"column":76}},{"start":{},"end":{}}],"line":88},"11":{"loc":{"start":{"line":93,"column":36},"end":{"line":93,"column":77}},"type":"binary-expr","locations":[{"start":{"line":93,"column":36},"end":{"line":93,"column":49}},{"start":{"line":93,"column":53},"end":{"line":93,"column":77}}],"line":93},"12":{"loc":{"start":{"line":100,"column":4},"end":{"line":100,"column":76}},"type":"if","locations":[{"start":{"line":100,"column":4},"end":{"line":100,"column":76}},{"start":{},"end":{}}],"line":100},"13":{"loc":{"start":{"line":107,"column":36},"end":{"line":107,"column":77}},"type":"binary-expr","locations":[{"start":{"line":107,"column":36},"end":{"line":107,"column":49}},{"start":{"line":107,"column":53},"end":{"line":107,"column":77}}],"line":107}},"s":{"0":0,"1":0,"2":0,"3":0,"4":0,"5":0,"6":0,"7":0,"8":0,"9":0,"10":0,"11":0,"12":0,"13":0,"14":0,"15":0,"16":0,"17":0,"18":0,"19":0,"20":0,"21":0,"22":0,"23":0,"24":0,"25":0,"26":0,"27":0,"28":0,"29":0,"30":0,"31":0,"32":0,"33":0,"34":0,"35":0,"36":0,"37":0,"38":0,"39":0,"40":0,"41":0,"42":0,"43":0,"44":0,"45":0,"46":0,"47":0,"48":0,"49":0,"50":0,"51":0,"52":0,"53":0,"54":0},"f":{"0":0,"1":0,"2":0,"3":0,"4":0,"5":0},"b":{"0":[0],"1":[0],"2":[0,0],"3":[0,0],"4":[0,0],"5":[0,0],"6":[0,0],"7":[0,0],"8":[0,0],"9":[0,0],"10":[0,0],"11":[0,0],"12":[0,0],"13":[0,0]}}
,"D:\\downloads\\project\\backend\\src\\controllers\\listController.js": {"path":"D:\\downloads\\project\\backend\\src\\controllers\\listController.js","statementMap":{"0":{"start":{"line":1,"column":13},"end":{"line":1,"column":38}},"1":{"start":{"line":2,"column":28},"end":{"line":2,"column":64}},"2":{"start":{"line":3,"column":14},"end":{"line":3,"column":40}},"3":{"start":{"line":4,"column":17},"end":{"line":4,"column":46}},"4":{"start":{"line":6,"column":20},"end":{"line":16,"column":1}},"5":{"start":{"line":7,"column":2},"end":{"line":15,"column":5}},"6":{"start":{"line":18,"column":0},"end":{"line":35,"column":2}},"7":{"start":{"line":19,"column":2},"end":{"line":34,"column":3}},"8":{"start":{"line":20,"column":24},"end":{"line":20,"column":34}},"9":{"start":{"line":21,"column":21},"end":{"line":21,"column":95}},"10":{"start":{"line":22,"column":18},"end":{"line":22,"column":45}},"11":{"start":{"line":23,"column":17},"end":{"line":27,"column":6}},"12":{"start":{"line":28,"column":4},"end":{"line":28,"column":75}},"13":{"start":{"line":29,"column":4},"end":{"line":29,"column":100}},"14":{"start":{"line":30,"column":4},"end":{"line":30,"column":77}},"15":{"start":{"line":31,"column":4},"end":{"line":31,"column":31}},"16":{"start":{"line":33,"column":4},"end":{"line":33,"column":80}},"17":{"start":{"line":37,"column":0},"end":{"line":47,"column":2}},"18":{"start":{"line":38,"column":2},"end":{"line":46,"column":3}},"19":{"start":{"line":39,"column":17},"end":{"line":39,"column":85}},"20":{"start":{"line":40,"column":4},"end":{"line":40,"column":74}},"21":{"start":{"line":40,"column":15},"end":{"line":40,"column":74}},"22":{"start":{"line":41,"column":4},"end":{"line":41,"column":90}},"23":{"start":{"line":42,"column":4},"end":{"line":42,"column":80}},"24":{"start":{"line":43,"column":4},"end":{"line":43,"column":19}},"25":{"start":{"line":45,"column":4},"end":{"line":45,"column":80}},"26":{"start":{"line":49,"column":0},"end":{"line":64,"column":2}},"27":{"start":{"line":50,"column":2},"end":{"line":63,"column":3}},"28":{"start":{"line":51,"column":17},"end":{"line":51,"column":69}},"29":{"start":{"line":52,"column":4},"end":{"line":52,"column":74}},"30":{"start":{"line":52,"column":15},"end":{"line":52,"column":74}},"31":{"start":{"line":53,"column":20},"end":{"line":53,"column":30}},"32":{"start":{"line":54,"column":4},"end":{"line":54,"column":75}},"33":{"start":{"line":55,"column":17},"end":{"line":55,"column":42}},"34":{"start":{"line":56,"column":4},"end":{"line":56,"column":46}},"35":{"start":{"line":57,"column":4},"end":{"line":57,"column":48}},"36":{"start":{"line":58,"column":4},"end":{"line":58,"column":100}},"37":{"start":{"line":59,"column":4},"end":{"line":59,"column":89}},"38":{"start":{"line":60,"column":4},"end":{"line":60,"column":42}},"39":{"start":{"line":62,"column":4},"end":{"line":62,"column":80}}},"fnMap":{"0":{"name":"(anonymous_0)","decl":{"start":{"line":6,"column":20},"end":{"line":6,"column":21}},"loc":{"start":{"line":6,"column":112},"end":{"line":16,"column":1}},"line":6},"1":{"name":"(anonymous_1)","decl":{"start":{"line":18,"column":21},"end":{"line":18,"column":22}},"loc":{"start":{"line":18,"column":41},"end":{"line":35,"column":1}},"line":18},"2":{"name":"(anonymous_2)","decl":{"start":{"line":37,"column":21},"end":{"line":37,"column":22}},"loc":{"start":{"line":37,"column":41},"end":{"line":47,"column":1}},"line":37},"3":{"name":"(anonymous_3)","decl":{"start":{"line":49,"column":21},"end":{"line":49,"column":22}},"loc":{"start":{"line":49,"column":41},"end":{"line":64,"column":1}},"line":49}},"branchMap":{"0":{"loc":{"start":{"line":6,"column":74},"end":{"line":6,"column":86}},"type":"default-arg","locations":[{"start":{"line":6,"column":84},"end":{"line":6,"column":86}}],"line":6},"1":{"loc":{"start":{"line":6,"column":88},"end":{"line":6,"column":107}},"type":"default-arg","locations":[{"start":{"line":6,"column":103},"end":{"line":6,"column":107}}],"line":6},"2":{"loc":{"start":{"line":22,"column":19},"end":{"line":22,"column":40}},"type":"binary-expr","locations":[{"start":{"line":22,"column":19},"end":{"line":22,"column":34}},{"start":{"line":22,"column":38},"end":{"line":22,"column":40}}],"line":22},"3":{"loc":{"start":{"line":24,"column":13},"end":{"line":24,"column":41}},"type":"binary-expr","locations":[{"start":{"line":24,"column":13},"end":{"line":24,"column":27}},{"start":{"line":24,"column":31},"end":{"line":24,"column":41}}],"line":24},"4":{"loc":{"start":{"line":33,"column":36},"end":{"line":33,"column":76}},"type":"binary-expr","locations":[{"start":{"line":33,"column":36},"end":{"line":33,"column":49}},{"start":{"line":33,"column":53},"end":{"line":33,"column":76}}],"line":33},"5":{"loc":{"start":{"line":40,"column":4},"end":{"line":40,"column":74}},"type":"if","locations":[{"start":{"line":40,"column":4},"end":{"line":40,"column":74}},{"start":{},"end":{}}],"line":40},"6":{"loc":{"start":{"line":45,"column":36},"end":{"line":45,"column":76}},"type":"binary-expr","locations":[{"start":{"line":45,"column":36},"end":{"line":45,"column":49}},{"start":{"line":45,"column":53},"end":{"line":45,"column":76}}],"line":45},"7":{"loc":{"start":{"line":52,"column":4},"end":{"line":52,"column":74}},"type":"if","locations":[{"start":{"line":52,"column":4},"end":{"line":52,"column":74}},{"start":{},"end":{}}],"line":52},"8":{"loc":{"start":{"line":62,"column":36},"end":{"line":62,"column":76}},"type":"binary-expr","locations":[{"start":{"line":62,"column":36},"end":{"line":62,"column":49}},{"start":{"line":62,"column":53},"end":{"line":62,"column":76}}],"line":62}},"s":{"0":0,"1":0,"2":0,"3":0,"4":0,"5":0,"6":0,"7":0,"8":0,"9":0,"10":0,"11":0,"12":0,"13":0,"14":0,"15":0,"16":0,"17":0,"18":0,"19":0,"20":0,"21":0,"22":0,"23":0,"24":0,"25":0,"26":0,"27":0,"28":0,"29":0,"30":0,"31":0,"32":0,"33":0,"34":0,"35":0,"36":0,"37":0,"38":0,"39":0},"f":{"0":0,"1":0,"2":0,"3":0},"b":{"0":[0],"1":[0],"2":[0,0],"3":[0,0],"4":[0,0],"5":[0,0],"6":[0,0],"7":[0,0],"8":[0,0]}}
,"D:\\downloads\\project\\backend\\src\\controllers\\taskController.js": {"path":"D:\\downloads\\project\\backend\\src\\controllers\\taskController.js","statementMap":{"0":{"start":{"line":1,"column":17},"end":{"line":1,"column":36}},"1":{"start":{"line":2,"column":13},"end":{"line":2,"column":38}},"2":{"start":{"line":3,"column":28},"end":{"line":3,"column":64}},"3":{"start":{"line":4,"column":13},"end":{"line":4,"column":38}},"4":{"start":{"line":5,"column":14},"end":{"line":5,"column":40}},"5":{"start":{"line":6,"column":17},"end":{"line":6,"column":46}},"6":{"start":{"line":8,"column":20},"end":{"line":18,"column":1}},"7":{"start":{"line":9,"column":2},"end":{"line":17,"column":5}},"8":{"start":{"line":20,"column":0},"end":{"line":41,"column":2}},"9":{"start":{"line":21,"column":2},"end":{"line":40,"column":3}},"10":{"start":{"line":22,"column":23},"end":{"line":22,"column":33}},"11":{"start":{"line":23,"column":17},"end":{"line":23,"column":44}},"12":{"start":{"line":24,"column":4},"end":{"line":24,"column":74}},"13":{"start":{"line":24,"column":15},"end":{"line":24,"column":74}},"14":{"start":{"line":25,"column":21},"end":{"line":25,"column":93}},"15":{"start":{"line":26,"column":18},"end":{"line":26,"column":45}},"16":{"start":{"line":27,"column":17},"end":{"line":32,"column":6}},"17":{"start":{"line":33,"column":4},"end":{"line":33,"column":73}},"18":{"start":{"line":34,"column":4},"end":{"line":34,"column":103}},"19":{"start":{"line":35,"column":22},"end":{"line":35,"column":88}},"20":{"start":{"line":36,"column":4},"end":{"line":36,"column":91}},"21":{"start":{"line":37,"column":4},"end":{"line":37,"column":36}},"22":{"start":{"line":39,"column":4},"end":{"line":39,"column":80}},"23":{"start":{"line":43,"column":0},"end":{"line":56,"column":2}},"24":{"start":{"line":44,"column":2},"end":{"line":55,"column":3}},"25":{"start":{"line":45,"column":17},"end":{"line":45,"column":51}},"26":{"start":{"line":46,"column":4},"end":{"line":46,"column":74}},"27":{"start":{"line":46,"column":15},"end":{"line":46,"column":74}},"28":{"start":{"line":47,"column":25},"end":{"line":47,"column":47}},"29":{"start":{"line":48,"column":20},"end":{"line":49,"column":43}},"30":{"start":{"line":50,"column":4},"end":{"line":50,"column":104}},"31":{"start":{"line":51,"column":4},"end":{"line":51,"column":89}},"32":{"start":{"line":52,"column":4},"end":{"line":52,"column":22}},"33":{"start":{"line":54,"column":4},"end":{"line":54,"column":80}},"34":{"start":{"line":58,"column":0},"end":{"line":72,"column":2}},"35":{"start":{"line":59,"column":2},"end":{"line":71,"column":3}},"36":{"start":{"line":60,"column":17},"end":{"line":60,"column":51}},"37":{"start":{"line":61,"column":4},"end":{"line":61,"column":74}},"38":{"start":{"line":61,"column":15},"end":{"line":61,"column":74}},"39":{"start":{"line":62,"column":19},"end":{"line":62,"column":28}},"40":{"start":{"line":63,"column":20},"end":{"line":63,"column":30}},"41":{"start":{"line":64,"column":4},"end":{"line":64,"column":73}},"42":{"start":{"line":65,"column":4},"end":{"line":65,"column":48}},"43":{"start":{"line":66,"column":4},"end":{"line":66,"column":100}},"44":{"start":{"line":67,"column":4},"end":{"line":67,"column":97}},"45":{"start":{"line":68,"column":4},"end":{"line":68,"column":42}},"46":{"start":{"line":70,"column":4},"end":{"line":70,"column":80}},"47":{"start":{"line":74,"column":0},"end":{"line":107,"column":2}},"48":{"start":{"line":75,"column":2},"end":{"line":106,"column":3}},"49":{"start":{"line":76,"column":23},"end":{"line":76,"column":33}},"50":{"start":{"line":77,"column":39},"end":{"line":77,"column":47}},"51":{"start":{"line":78,"column":17},"end":{"line":78,"column":44}},"52":{"start":{"line":79,"column":4},"end":{"line":79,"column":74}},"53":{"start":{"line":79,"column":15},"end":{"line":79,"column":74}},"54":{"start":{"line":81,"column":22},"end":{"line":81,"column":31}},"55":{"start":{"line":82,"column":4},"end":{"line":100,"column":5}},"56":{"start":{"line":83,"column":6},"end":{"line":83,"column":42}},"57":{"start":{"line":84,"column":6},"end":{"line":84,"column":24}},"58":{"start":{"line":85,"column":6},"end":{"line":88,"column":9}},"59":{"start":{"line":90,"column":6},"end":{"line":90,"column":78}},"60":{"start":{"line":91,"column":6},"end":{"line":91,"column":81}},"61":{"start":{"line":92,"column":6},"end":{"line":92,"column":31}},"62":{"start":{"line":93,"column":6},"end":{"line":93,"column":33}},"63":{"start":{"line":94,"column":6},"end":{"line":94,"column":24}},"64":{"start":{"line":95,"column":6},"end":{"line":99,"column":9}},"65":{"start":{"line":101,"column":20},"end":{"line":101,"column":84}},"66":{"start":{"line":102,"column":4},"end":{"line":102,"column":87}},"67":{"start":{"line":103,"column":4},"end":{"line":103,"column":22}},"68":{"start":{"line":105,"column":4},"end":{"line":105,"column":78}},"69":{"start":{"line":109,"column":0},"end":{"line":134,"column":2}},"70":{"start":{"line":110,"column":2},"end":{"line":133,"column":3}},"71":{"start":{"line":111,"column":23},"end":{"line":111,"column":33}},"72":{"start":{"line":112,"column":23},"end":{"line":112,"column":31}},"73":{"start":{"line":113,"column":17},"end":{"line":113,"column":44}},"74":{"start":{"line":114,"column":4},"end":{"line":114,"column":74}},"75":{"start":{"line":114,"column":15},"end":{"line":114,"column":74}},"76":{"start":{"line":115,"column":18},"end":{"line":115,"column":50}},"77":{"start":{"line":116,"column":4},"end":{"line":118,"column":5}},"78":{"start":{"line":117,"column":6},"end":{"line":117,"column":88}},"79":{"start":{"line":119,"column":4},"end":{"line":127,"column":5}},"80":{"start":{"line":119,"column":38},"end":{"line":119,"column":62}},"81":{"start":{"line":120,"column":25},"end":{"line":120,"column":111}},"82":{"start":{"line":121,"column":6},"end":{"line":121,"column":39}},"83":{"start":{"line":122,"column":6},"end":{"line":122,"column":24}},"84":{"start":{"line":123,"column":6},"end":{"line":123,"column":110}},"85":{"start":{"line":124,"column":6},"end":{"line":126,"column":7}},"86":{"start":{"line":124,"column":78},"end":{"line":124,"column":101}},"87":{"start":{"line":125,"column":8},"end":{"line":125,"column":90}},"88":{"start":{"line":128,"column":20},"end":{"line":128,"column":84}},"89":{"start":{"line":129,"column":4},"end":{"line":129,"column":89}},"90":{"start":{"line":130,"column":4},"end":{"line":130,"column":22}},"91":{"start":{"line":132,"column":4},"end":{"line":132,"column":80}},"92":{"start":{"line":136,"column":0},"end":{"line":155,"column":2}},"93":{"start":{"line":137,"column":2},"end":{"line":154,"column":3}},"94":{"start":{"line":138,"column":23},"end":{"line":138,"column":33}},"95":{"start":{"line":139,"column":23},"end":{"line":139,"column":31}},"96":{"start":{"line":140,"column":17},"end":{"line":140,"column":44}},"97":{"start":{"line":141,"column":4},"end":{"line":141,"column":74}},"98":{"start":{"line":141,"column":15},"end":{"line":141,"column":74}},"99":{"start":{"line":142,"column":18},"end":{"line":142,"column":50}},"100":{"start":{"line":143,"column":4},"end":{"line":145,"column":5}},"101":{"start":{"line":144,"column":6},"end":{"line":144,"column":90}},"102":{"start":{"line":146,"column":4},"end":{"line":146,"column":79}},"103":{"start":{"line":146,"column":53},"end":{"line":146,"column":77}},"104":{"start":{"line":147,"column":4},"end":{"line":147,"column":22}},"105":{"start":{"line":148,"column":4},"end":{"line":148,"column":112}},"106":{"start":{"line":149,"column":20},"end":{"line":149,"column":84}},"107":{"start":{"line":150,"column":4},"end":{"line":150,"column":91}},"108":{"start":{"line":151,"column":4},"end":{"line":151,"column":22}},"109":{"start":{"line":153,"column":4},"end":{"line":153,"column":82}}},"fnMap":{"0":{"name":"(anonymous_0)","decl":{"start":{"line":8,"column":20},"end":{"line":8,"column":21}},"loc":{"start":{"line":8,"column":112},"end":{"line":18,"column":1}},"line":8},"1":{"name":"(anonymous_1)","decl":{"start":{"line":20,"column":21},"end":{"line":20,"column":22}},"loc":{"start":{"line":20,"column":41},"end":{"line":41,"column":1}},"line":20},"2":{"name":"(anonymous_2)","decl":{"start":{"line":43,"column":21},"end":{"line":43,"column":22}},"loc":{"start":{"line":43,"column":41},"end":{"line":56,"column":1}},"line":43},"3":{"name":"(anonymous_3)","decl":{"start":{"line":58,"column":21},"end":{"line":58,"column":22}},"loc":{"start":{"line":58,"column":41},"end":{"line":72,"column":1}},"line":58},"4":{"name":"(anonymous_4)","decl":{"start":{"line":74,"column":19},"end":{"line":74,"column":20}},"loc":{"start":{"line":74,"column":39},"end":{"line":107,"column":1}},"line":74},"5":{"name":"(anonymous_5)","decl":{"start":{"line":109,"column":21},"end":{"line":109,"column":22}},"loc":{"start":{"line":109,"column":41},"end":{"line":134,"column":1}},"line":109},"6":{"name":"(anonymous_6)","decl":{"start":{"line":119,"column":30},"end":{"line":119,"column":31}},"loc":{"start":{"line":119,"column":38},"end":{"line":119,"column":62}},"line":119},"7":{"name":"(anonymous_7)","decl":{"start":{"line":124,"column":71},"end":{"line":124,"column":72}},"loc":{"start":{"line":124,"column":78},"end":{"line":124,"column":101}},"line":124},"8":{"name":"(anonymous_8)","decl":{"start":{"line":136,"column":23},"end":{"line":136,"column":24}},"loc":{"start":{"line":136,"column":43},"end":{"line":155,"column":1}},"line":136},"9":{"name":"(anonymous_9)","decl":{"start":{"line":146,"column":45},"end":{"line":146,"column":46}},"loc":{"start":{"line":146,"column":53},"end":{"line":146,"column":77}},"line":146}},"branchMap":{"0":{"loc":{"start":{"line":8,"column":74},"end":{"line":8,"column":86}},"type":"default-arg","locations":[{"start":{"line":8,"column":84},"end":{"line":8,"column":86}}],"line":8},"1":{"loc":{"start":{"line":8,"column":88},"end":{"line":8,"column":107}},"type":"default-arg","locations":[{"start":{"line":8,"column":103},"end":{"line":8,"column":107}}],"line":8},"2":{"loc":{"start":{"line":24,"column":4},"end":{"line":24,"column":74}},"type":"if","locations":[{"start":{"line":24,"column":4},"end":{"line":24,"column":74}},{"start":{},"end":{}}],"line":24},"3":{"loc":{"start":{"line":26,"column":19},"end":{"line":26,"column":40}},"type":"binary-expr","locations":[{"start":{"line":26,"column":19},"end":{"line":26,"column":34}},{"start":{"line":26,"column":38},"end":{"line":26,"column":40}}],"line":26},"4":{"loc":{"start":{"line":39,"column":36},"end":{"line":39,"column":76}},"type":"binary-expr","locations":[{"start":{"line":39,"column":36},"end":{"line":39,"column":49}},{"start":{"line":39,"column":53},"end":{"line":39,"column":76}}],"line":39},"5":{"loc":{"start":{"line":46,"column":4},"end":{"line":46,"column":74}},"type":"if","locations":[{"start":{"line":46,"column":4},"end":{"line":46,"column":74}},{"start":{},"end":{}}],"line":46},"6":{"loc":{"start":{"line":54,"column":36},"end":{"line":54,"column":76}},"type":"binary-expr","locations":[{"start":{"line":54,"column":36},"end":{"line":54,"column":49}},{"start":{"line":54,"column":53},"end":{"line":54,"column":76}}],"line":54},"7":{"loc":{"start":{"line":61,"column":4},"end":{"line":61,"column":74}},"type":"if","locations":[{"start":{"line":61,"column":4},"end":{"line":61,"column":74}},{"start":{},"end":{}}],"line":61},"8":{"loc":{"start":{"line":70,"column":36},"end":{"line":70,"column":76}},"type":"binary-expr","locations":[{"start":{"line":70,"column":36},"end":{"line":70,"column":49}},{"start":{"line":70,"column":53},"end":{"line":70,"column":76}}],"line":70},"9":{"loc":{"start":{"line":79,"column":4},"end":{"line":79,"column":74}},"type":"if","locations":[{"start":{"line":79,"column":4},"end":{"line":79,"column":74}},{"start":{},"end":{}}],"line":79},"10":{"loc":{"start":{"line":82,"column":4},"end":{"line":100,"column":5}},"type":"if","locations":[{"start":{"line":82,"column":4},"end":{"line":100,"column":5}},{"start":{"line":89,"column":11},"end":{"line":100,"column":5}}],"line":82},"11":{"loc":{"start":{"line":83,"column":19},"end":{"line":83,"column":41}},"type":"binary-expr","locations":[{"start":{"line":83,"column":19},"end":{"line":83,"column":27}},{"start":{"line":83,"column":31},"end":{"line":83,"column":41}}],"line":83},"12":{"loc":{"start":{"line":93,"column":19},"end":{"line":93,"column":32}},"type":"binary-expr","locations":[{"start":{"line":93,"column":19},"end":{"line":93,"column":27}},{"start":{"line":93,"column":31},"end":{"line":93,"column":32}}],"line":93},"13":{"loc":{"start":{"line":105,"column":36},"end":{"line":105,"column":74}},"type":"binary-expr","locations":[{"start":{"line":105,"column":36},"end":{"line":105,"column":49}},{"start":{"line":105,"column":53},"end":{"line":105,"column":74}}],"line":105},"14":{"loc":{"start":{"line":114,"column":4},"end":{"line":114,"column":74}},"type":"if","locations":[{"start":{"line":114,"column":4},"end":{"line":114,"column":74}},{"start":{},"end":{}}],"line":114},"15":{"loc":{"start":{"line":116,"column":4},"end":{"line":118,"column":5}},"type":"if","locations":[{"start":{"line":116,"column":4},"end":{"line":118,"column":5}},{"start":{},"end":{}}],"line":116},"16":{"loc":{"start":{"line":116,"column":8},"end":{"line":116,"column":60}},"type":"binary-expr","locations":[{"start":{"line":116,"column":8},"end":{"line":116,"column":14}},{"start":{"line":116,"column":18},"end":{"line":116,"column":60}}],"line":116},"17":{"loc":{"start":{"line":119,"column":4},"end":{"line":127,"column":5}},"type":"if","locations":[{"start":{"line":119,"column":4},"end":{"line":127,"column":5}},{"start":{},"end":{}}],"line":119},"18":{"loc":{"start":{"line":120,"column":25},"end":{"line":120,"column":111}},"type":"cond-expr","locations":[{"start":{"line":120,"column":67},"end":{"line":120,"column":102}},{"start":{"line":120,"column":105},"end":{"line":120,"column":111}}],"line":120},"19":{"loc":{"start":{"line":124,"column":6},"end":{"line":126,"column":7}},"type":"if","locations":[{"start":{"line":124,"column":6},"end":{"line":126,"column":7}},{"start":{},"end":{}}],"line":124},"20":{"loc":{"start":{"line":124,"column":10},"end":{"line":124,"column":102}},"type":"binary-expr","locations":[{"start":{"line":124,"column":10},"end":{"line":124,"column":47}},{"start":{"line":124,"column":51},"end":{"line":124,"column":102}}],"line":124},"21":{"loc":{"start":{"line":132,"column":36},"end":{"line":132,"column":76}},"type":"binary-expr","locations":[{"start":{"line":132,"column":36},"end":{"line":132,"column":49}},{"start":{"line":132,"column":53},"end":{"line":132,"column":76}}],"line":132},"22":{"loc":{"start":{"line":141,"column":4},"end":{"line":141,"column":74}},"type":"if","locations":[{"start":{"line":141,"column":4},"end":{"line":141,"column":74}},{"start":{},"end":{}}],"line":141},"23":{"loc":{"start":{"line":143,"column":4},"end":{"line":145,"column":5}},"type":"if","locations":[{"start":{"line":143,"column":4},"end":{"line":145,"column":5}},{"start":{},"end":{}}],"line":143},"24":{"loc":{"start":{"line":143,"column":8},"end":{"line":143,"column":60}},"type":"binary-expr","locations":[{"start":{"line":143,"column":8},"end":{"line":143,"column":14}},{"start":{"line":143,"column":18},"end":{"line":143,"column":60}}],"line":143},"25":{"loc":{"start":{"line":153,"column":36},"end":{"line":153,"column":78}},"type":"binary-expr","locations":[{"start":{"line":153,"column":36},"end":{"line":153,"column":49}},{"start":{"line":153,"column":53},"end":{"line":153,"column":78}}],"line":153}},"s":{"0":0,"1":0,"2":0,"3":0,"4":0,"5":0,"6":0,"7":0,"8":0,"9":0,"10":0,"11":0,"12":0,"13":0,"14":0,"15":0,"16":0,"17":0,"18":0,"19":0,"20":0,"21":0,"22":0,"23":0,"24":0,"25":0,"26":0,"27":0,"28":0,"29":0,"30":0,"31":0,"32":0,"33":0,"34":0,"35":0,"36":0,"37":0,"38":0,"39":0,"40":0,"41":0,"42":0,"43":0,"44":0,"45":0,"46":0,"47":0,"48":0,"49":0,"50":0,"51":0,"52":0,"53":0,"54":0,"55":0,"56":0,"57":0,"58":0,"59":0,"60":0,"61":0,"62":0,"63":0,"64":0,"65":0,"66":0,"67":0,"68":0,"69":0,"70":0,"71":0,"72":0,"73":0,"74":0,"75":0,"76":0,"77":0,"78":0,"79":0,"80":0,"81":0,"82":0,"83":0,"84":0,"85":0,"86":0,"87":0,"88":0,"89":0,"90":0,"91":0,"92":0,"93":0,"94":0,"95":0,"96":0,"97":0,"98":0,"99":0,"100":0,"101":0,"102":0,"103":0,"104":0,"105":0,"106":0,"107":0,"108":0,"109":0},"f":{"0":0,"1":0,"2":0,"3":0,"4":0,"5":0,"6":0,"7":0,"8":0,"9":0},"b":{"0":[0],"1":[0],"2":[0,0],"3":[0,0],"4":[0,0],"5":[0,0],"6":[0,0],"7":[0,0],"8":[0,0],"9":[0,0],"10":[0,0],"11":[0,0],"12":[0,0],"13":[0,0],"14":[0,0],"15":[0,0],"16":[0,0],"17":[0,0],"18":[0,0],"19":[0,0],"20":[0,0],"21":[0,0],"22":[0,0],"23":[0,0],"24":[0,0],"25":[0,0]}}
,"D:\\downloads\\project\\backend\\src\\controllers\\userController.js": {"path":"D:\\downloads\\project\\backend\\src\\controllers\\userController.js","statementMap":{"0":{"start":{"line":1,"column":13},"end":{"line":1,"column":38}},"1":{"start":{"line":3,"column":0},"end":{"line":24,"column":2}},"2":{"start":{"line":4,"column":2},"end":{"line":23,"column":3}},"3":{"start":{"line":5,"column":19},"end":{"line":5,"column":36}},"4":{"start":{"line":6,"column":18},"end":{"line":6,"column":49}},"5":{"start":{"line":7,"column":4},"end":{"line":9,"column":5}},"6":{"start":{"line":8,"column":6},"end":{"line":8,"column":37}},"7":{"start":{"line":10,"column":18},"end":{"line":19,"column":13}},"8":{"start":{"line":20,"column":4},"end":{"line":20,"column":24}},"9":{"start":{"line":22,"column":4},"end":{"line":22,"column":81}}},"fnMap":{"0":{"name":"(anonymous_0)","decl":{"start":{"line":3,"column":22},"end":{"line":3,"column":23}},"loc":{"start":{"line":3,"column":42},"end":{"line":24,"column":1}},"line":3}},"branchMap":{"0":{"loc":{"start":{"line":5,"column":19},"end":{"line":5,"column":36}},"type":"binary-expr","locations":[{"start":{"line":5,"column":19},"end":{"line":5,"column":30}},{"start":{"line":5,"column":34},"end":{"line":5,"column":36}}],"line":5},"1":{"loc":{"start":{"line":6,"column":18},"end":{"line":6,"column":49}},"type":"binary-expr","locations":[{"start":{"line":6,"column":18},"end":{"line":6,"column":43}},{"start":{"line":6,"column":47},"end":{"line":6,"column":49}}],"line":6},"2":{"loc":{"start":{"line":7,"column":4},"end":{"line":9,"column":5}},"type":"if","locations":[{"start":{"line":7,"column":4},"end":{"line":9,"column":5}},{"start":{},"end":{}}],"line":7},"3":{"loc":{"start":{"line":22,"column":36},"end":{"line":22,"column":77}},"type":"binary-expr","locations":[{"start":{"line":22,"column":36},"end":{"line":22,"column":49}},{"start":{"line":22,"column":53},"end":{"line":22,"column":77}}],"line":22}},"s":{"0":0,"1":0,"2":0,"3":0,"4":0,"5":0,"6":0,"7":0,"8":0,"9":0},"f":{"0":0},"b":{"0":[0,0],"1":[0,0],"2":[0,0],"3":[0,0]}}
,"D:\\downloads\\project\\backend\\src\\middleware\\auth.js": {"path":"D:\\downloads\\project\\backend\\src\\middleware\\auth.js","statementMap":{"0":{"start":{"line":1,"column":12},"end":{"line":1,"column":35}},"1":{"start":{"line":2,"column":13},"end":{"line":2,"column":38}},"2":{"start":{"line":4,"column":16},"end":{"line":26,"column":1}},"3":{"start":{"line":6,"column":21},"end":{"line":6,"column":46}},"4":{"start":{"line":8,"column":2},"end":{"line":10,"column":3}},"5":{"start":{"line":9,"column":4},"end":{"line":9,"column":37}},"6":{"start":{"line":12,"column":2},"end":{"line":14,"column":3}},"7":{"start":{"line":13,"column":4},"end":{"line":13,"column":78}},"8":{"start":{"line":16,"column":2},"end":{"line":25,"column":3}},"9":{"start":{"line":17,"column":20},"end":{"line":17,"column":61}},"10":{"start":{"line":18,"column":4},"end":{"line":18,"column":67}},"11":{"start":{"line":19,"column":4},"end":{"line":21,"column":5}},"12":{"start":{"line":20,"column":6},"end":{"line":20,"column":65}},"13":{"start":{"line":22,"column":4},"end":{"line":22,"column":11}},"14":{"start":{"line":24,"column":4},"end":{"line":24,"column":73}},"15":{"start":{"line":28,"column":0},"end":{"line":28,"column":29}}},"fnMap":{"0":{"name":"(anonymous_0)","decl":{"start":{"line":4,"column":16},"end":{"line":4,"column":17}},"loc":{"start":{"line":4,"column":42},"end":{"line":26,"column":1}},"line":4}},"branchMap":{"0":{"loc":{"start":{"line":8,"column":2},"end":{"line":10,"column":3}},"type":"if","locations":[{"start":{"line":8,"column":2},"end":{"line":10,"column":3}},{"start":{},"end":{}}],"line":8},"1":{"loc":{"start":{"line":12,"column":2},"end":{"line":14,"column":3}},"type":"if","locations":[{"start":{"line":12,"column":2},"end":{"line":14,"column":3}},{"start":{},"end":{}}],"line":12},"2":{"loc":{"start":{"line":19,"column":4},"end":{"line":21,"column":5}},"type":"if","locations":[{"start":{"line":19,"column":4},"end":{"line":21,"column":5}},{"start":{},"end":{}}],"line":19}},"s":{"0":1,"1":1,"2":1,"3":0,"4":0,"5":0,"6":0,"7":0,"8":0,"9":0,"10":0,"11":0,"12":0,"13":0,"14":0,"15":1},"f":{"0":0},"b":{"0":[0,0],"1":[0,0],"2":[0,0]},"_coverageSchema":"1a1c01bbd47fc00a2c39e90264f33305004495a9","hash":"ffeadce7a18ac8a06b34e7d3526cb3303139aa36"}
,"D:\\downloads\\project\\backend\\src\\middleware\\boardAccess.js": {"path":"D:\\downloads\\project\\backend\\src\\middleware\\boardAccess.js","statementMap":{"0":{"start":{"line":1,"column":14},"end":{"line":1,"column":40}},"1":{"start":{"line":2,"column":13},"end":{"line":2,"column":38}},"2":{"start":{"line":4,"column":25},"end":{"line":24,"column":1}},"3":{"start":{"line":5,"column":2},"end":{"line":23,"column":3}},"4":{"start":{"line":6,"column":20},"end":{"line":6,"column":55}},"5":{"start":{"line":7,"column":4},"end":{"line":7,"column":80}},"6":{"start":{"line":7,"column":18},"end":{"line":7,"column":80}},"7":{"start":{"line":8,"column":18},"end":{"line":8,"column":47}},"8":{"start":{"line":9,"column":4},"end":{"line":11,"column":5}},"9":{"start":{"line":10,"column":6},"end":{"line":10,"column":66}},"10":{"start":{"line":12,"column":22},"end":{"line":12,"column":64}},"11":{"start":{"line":13,"column":21},"end":{"line":13,"column":76}},"12":{"start":{"line":13,"column":47},"end":{"line":13,"column":75}},"13":{"start":{"line":14,"column":23},"end":{"line":14,"column":85}},"14":{"start":{"line":15,"column":4},"end":{"line":17,"column":5}},"15":{"start":{"line":16,"column":6},"end":{"line":16,"column":78}},"16":{"start":{"line":18,"column":4},"end":{"line":18,"column":22}},"17":{"start":{"line":19,"column":4},"end":{"line":19,"column":33}},"18":{"start":{"line":20,"column":4},"end":{"line":20,"column":11}},"19":{"start":{"line":22,"column":4},"end":{"line":22,"column":54}},"20":{"start":{"line":26,"column":0},"end":{"line":26,"column":38}}},"fnMap":{"0":{"name":"(anonymous_0)","decl":{"start":{"line":4,"column":25},"end":{"line":4,"column":26}},"loc":{"start":{"line":4,"column":51},"end":{"line":24,"column":1}},"line":4},"1":{"name":"(anonymous_1)","decl":{"start":{"line":13,"column":40},"end":{"line":13,"column":41}},"loc":{"start":{"line":13,"column":47},"end":{"line":13,"column":75}},"line":13}},"branchMap":{"0":{"loc":{"start":{"line":6,"column":20},"end":{"line":6,"column":55}},"type":"binary-expr","locations":[{"start":{"line":6,"column":20},"end":{"line":6,"column":38}},{"start":{"line":6,"column":42},"end":{"line":6,"column":55}}],"line":6},"1":{"loc":{"start":{"line":7,"column":4},"end":{"line":7,"column":80}},"type":"if","locations":[{"start":{"line":7,"column":4},"end":{"line":7,"column":80}},{"start":{},"end":{}}],"line":7},"2":{"loc":{"start":{"line":9,"column":4},"end":{"line":11,"column":5}},"type":"if","locations":[{"start":{"line":9,"column":4},"end":{"line":11,"column":5}},{"start":{},"end":{}}],"line":9},"3":{"loc":{"start":{"line":15,"column":4},"end":{"line":17,"column":5}},"type":"if","locations":[{"start":{"line":15,"column":4},"end":{"line":17,"column":5}},{"start":{},"end":{}}],"line":15},"4":{"loc":{"start":{"line":15,"column":8},"end":{"line":15,"column":46}},"type":"binary-expr","locations":[{"start":{"line":15,"column":8},"end":{"line":15,"column":18}},{"start":{"line":15,"column":22},"end":{"line":15,"column":31}},{"start":{"line":15,"column":35},"end":{"line":15,"column":46}}],"line":15}},"s":{"0":0,"1":0,"2":0,"3":0,"4":0,"5":0,"6":0,"7":0,"8":0,"9":0,"10":0,"11":0,"12":0,"13":0,"14":0,"15":0,"16":0,"17":0,"18":0,"19":0,"20":0},"f":{"0":0,"1":0},"b":{"0":[0,0],"1":[0,0],"2":[0,0],"3":[0,0],"4":[0,0,0]}}
,"D:\\downloads\\project\\backend\\src\\models\\Activity.js": {"path":"D:\\downloads\\project\\backend\\src\\models\\Activity.js","statementMap":{"0":{"start":{"line":1,"column":17},"end":{"line":1,"column":36}},"1":{"start":{"line":3,"column":23},"end":{"line":52,"column":1}},"2":{"start":{"line":54,"column":0},"end":{"line":54,"column":50}},"3":{"start":{"line":55,"column":0},"end":{"line":55,"column":49}},"4":{"start":{"line":57,"column":0},"end":{"line":57,"column":60}}},"fnMap":{},"branchMap":{},"s":{"0":0,"1":0,"2":0,"3":0,"4":0},"f":{},"b":{}}
,"D:\\downloads\\project\\backend\\src\\models\\Board.js": {"path":"D:\\downloads\\project\\backend\\src\\models\\Board.js","statementMap":{"0":{"start":{"line":1,"column":17},"end":{"line":1,"column":36}},"1":{"start":{"line":3,"column":20},"end":{"line":33,"column":1}},"2":{"start":{"line":35,"column":0},"end":{"line":35,"column":36}},"3":{"start":{"line":36,"column":0},"end":{"line":36,"column":34}},"4":{"start":{"line":37,"column":0},"end":{"line":37,"column":58}},"5":{"start":{"line":39,"column":0},"end":{"line":39,"column":54}}},"fnMap":{},"branchMap":{},"s":{"0":0,"1":0,"2":0,"3":0,"4":0,"5":0},"f":{},"b":{}}
,"D:\\downloads\\project\\backend\\src\\models\\List.js": {"path":"D:\\downloads\\project\\backend\\src\\models\\List.js","statementMap":{"0":{"start":{"line":1,"column":17},"end":{"line":1,"column":36}},"1":{"start":{"line":3,"column":19},"end":{"line":27,"column":1}},"2":{"start":{"line":29,"column":0},"end":{"line":29,"column":41}},"3":{"start":{"line":31,"column":0},"end":{"line":31,"column":52}}},"fnMap":{},"branchMap":{},"s":{"0":0,"1":0,"2":0,"3":0},"f":{},"b":{}}
,"D:\\downloads\\project\\backend\\src\\models\\Task.js": {"path":"D:\\downloads\\project\\backend\\src\\models\\Task.js","statementMap":{"0":{"start":{"line":1,"column":17},"end":{"line":1,"column":36}},"1":{"start":{"line":3,"column":19},"end":{"line":45,"column":1}},"2":{"start":{"line":47,"column":0},"end":{"line":47,"column":40}},"3":{"start":{"line":48,"column":0},"end":{"line":48,"column":31}},"4":{"start":{"line":49,"column":0},"end":{"line":49,"column":36}},"5":{"start":{"line":50,"column":0},"end":{"line":50,"column":57}},"6":{"start":{"line":52,"column":0},"end":{"line":52,"column":52}}},"fnMap":{},"branchMap":{},"s":{"0":0,"1":0,"2":0,"3":0,"4":0,"5":0,"6":0},"f":{},"b":{}}
,"D:\\downloads\\project\\backend\\src\\models\\User.js": {"path":"D:\\downloads\\project\\backend\\src\\models\\User.js","statementMap":{"0":{"start":{"line":1,"column":17},"end":{"line":1,"column":36}},"1":{"start":{"line":2,"column":15},"end":{"line":2,"column":34}},"2":{"start":{"line":4,"column":19},"end":{"line":27,"column":1}},"3":{"start":{"line":29,"column":0},"end":{"line":29,"column":35}},"4":{"start":{"line":31,"column":0},"end":{"line":35,"column":3}},"5":{"start":{"line":32,"column":2},"end":{"line":32,"column":50}},"6":{"start":{"line":32,"column":36},"end":{"line":32,"column":50}},"7":{"start":{"line":33,"column":2},"end":{"line":33,"column":55}},"8":{"start":{"line":34,"column":2},"end":{"line":34,"column":9}},"9":{"start":{"line":37,"column":0},"end":{"line":39,"column":2}},"10":{"start":{"line":38,"column":2},"end":{"line":38,"column":58}},"11":{"start":{"line":41,"column":0},"end":{"line":41,"column":52}}},"fnMap":{"0":{"name":"(anonymous_0)","decl":{"start":{"line":31,"column":23},"end":{"line":31,"column":24}},"loc":{"start":{"line":31,"column":45},"end":{"line":35,"column":1}},"line":31},"1":{"name":"(anonymous_1)","decl":{"start":{"line":37,"column":37},"end":{"line":37,"column":38}},"loc":{"start":{"line":37,"column":72},"end":{"line":39,"column":1}},"line":37}},"branchMap":{"0":{"loc":{"start":{"line":32,"column":2},"end":{"line":32,"column":50}},"type":"if","locations":[{"start":{"line":32,"column":2},"end":{"line":32,"column":50}},{"start":{},"end":{}}],"line":32}},"s":{"0":1,"1":1,"2":1,"3":1,"4":1,"5":0,"6":0,"7":0,"8":0,"9":1,"10":0,"11":1},"f":{"0":0,"1":0},"b":{"0":[0,0]},"_coverageSchema":"1a1c01bbd47fc00a2c39e90264f33305004495a9","hash":"ae3e2639447dc2086cd128e1d648c4860b212786"}
,"D:\\downloads\\project\\backend\\src\\routes\\activityRoutes.js": {"path":"D:\\downloads\\project\\backend\\src\\routes\\activityRoutes.js","statementMap":{"0":{"start":{"line":1,"column":16},"end":{"line":1,"column":34}},"1":{"start":{"line":2,"column":31},"end":{"line":2,"column":75}},"2":{"start":{"line":3,"column":20},"end":{"line":3,"column":49}},"3":{"start":{"line":4,"column":29},"end":{"line":4,"column":65}},"4":{"start":{"line":6,"column":15},"end":{"line":6,"column":31}},"5":{"start":{"line":7,"column":0},"end":{"line":7,"column":20}},"6":{"start":{"line":9,"column":0},"end":{"line":9,"column":80}},"7":{"start":{"line":11,"column":0},"end":{"line":11,"column":24}}},"fnMap":{},"branchMap":{},"s":{"0":0,"1":0,"2":0,"3":0,"4":0,"5":0,"6":0,"7":0},"f":{},"b":{}}
,"D:\\downloads\\project\\backend\\src\\routes\\authRoutes.js": {"path":"D:\\downloads\\project\\backend\\src\\routes\\authRoutes.js","statementMap":{"0":{"start":{"line":1,"column":16},"end":{"line":1,"column":34}},"1":{"start":{"line":2,"column":30},"end":{"line":2,"column":70}},"2":{"start":{"line":3,"column":20},"end":{"line":3,"column":49}},"3":{"start":{"line":5,"column":15},"end":{"line":5,"column":31}},"4":{"start":{"line":6,"column":0},"end":{"line":6,"column":31}},"5":{"start":{"line":7,"column":0},"end":{"line":7,"column":29}},"6":{"start":{"line":8,"column":0},"end":{"line":8,"column":31}},"7":{"start":{"line":10,"column":0},"end":{"line":10,"column":24}}},"fnMap":{},"branchMap":{},"s":{"0":1,"1":1,"2":1,"3":1,"4":1,"5":1,"6":1,"7":1},"f":{},"b":{},"_coverageSchema":"1a1c01bbd47fc00a2c39e90264f33305004495a9","hash":"b9261afd9b99e6975b23db7ed3a74886f9f5086e"}
,"D:\\downloads\\project\\backend\\src\\routes\\boardRoutes.js": {"path":"D:\\downloads\\project\\backend\\src\\routes\\boardRoutes.js","statementMap":{"0":{"start":{"line":1,"column":16},"end":{"line":1,"column":34}},"1":{"start":{"line":8,"column":4},"end":{"line":8,"column":45}},"2":{"start":{"line":9,"column":20},"end":{"line":9,"column":49}},"3":{"start":{"line":10,"column":29},"end":{"line":10,"column":65}},"4":{"start":{"line":12,"column":15},"end":{"line":12,"column":31}},"5":{"start":{"line":13,"column":0},"end":{"line":13,"column":20}},"6":{"start":{"line":15,"column":0},"end":{"line":15,"column":27}},"7":{"start":{"line":16,"column":0},"end":{"line":16,"column":30}},"8":{"start":{"line":17,"column":0},"end":{"line":17,"column":47}},"9":{"start":{"line":18,"column":0},"end":{"line":18,"column":52}},"10":{"start":{"line":19,"column":0},"end":{"line":19,"column":53}},"11":{"start":{"line":21,"column":0},"end":{"line":21,"column":24}}},"fnMap":{},"branchMap":{},"s":{"0":0,"1":0,"2":0,"3":0,"4":0,"5":0,"6":0,"7":0,"8":0,"9":0,"10":0,"11":0},"f":{},"b":{}}
,"D:\\downloads\\project\\backend\\src\\routes\\listRoutes.js": {"path":"D:\\downloads\\project\\backend\\src\\routes\\listRoutes.js","statementMap":{"0":{"start":{"line":1,"column":16},"end":{"line":1,"column":34}},"1":{"start":{"line":6,"column":4},"end":{"line":6,"column":44}},"2":{"start":{"line":7,"column":20},"end":{"line":7,"column":49}},"3":{"start":{"line":8,"column":29},"end":{"line":8,"column":65}},"4":{"start":{"line":10,"column":15},"end":{"line":10,"column":31}},"5":{"start":{"line":11,"column":0},"end":{"line":11,"column":20}},"6":{"start":{"line":13,"column":0},"end":{"line":13,"column":68}},"7":{"start":{"line":14,"column":0},"end":{"line":14,"column":39}},"8":{"start":{"line":15,"column":0},"end":{"line":15,"column":40}},"9":{"start":{"line":17,"column":0},"end":{"line":17,"column":24}}},"fnMap":{},"branchMap":{},"s":{"0":0,"1":0,"2":0,"3":0,"4":0,"5":0,"6":0,"7":0,"8":0,"9":0},"f":{},"b":{}}
,"D:\\downloads\\project\\backend\\src\\routes\\taskRoutes.js": {"path":"D:\\downloads\\project\\backend\\src\\routes\\taskRoutes.js","statementMap":{"0":{"start":{"line":1,"column":16},"end":{"line":1,"column":34}},"1":{"start":{"line":9,"column":4},"end":{"line":9,"column":44}},"2":{"start":{"line":10,"column":20},"end":{"line":10,"column":49}},"3":{"start":{"line":12,"column":15},"end":{"line":12,"column":31}},"4":{"start":{"line":13,"column":0},"end":{"line":13,"column":20}},"5":{"start":{"line":15,"column":0},"end":{"line":15,"column":48}},"6":{"start":{"line":16,"column":0},"end":{"line":16,"column":39}},"7":{"start":{"line":17,"column":0},"end":{"line":17,"column":40}},"8":{"start":{"line":18,"column":0},"end":{"line":18,"column":45}},"9":{"start":{"line":19,"column":0},"end":{"line":19,"column":49}},"10":{"start":{"line":20,"column":0},"end":{"line":20,"column":53}},"11":{"start":{"line":22,"column":0},"end":{"line":22,"column":24}}},"fnMap":{},"branchMap":{},"s":{"0":0,"1":0,"2":0,"3":0,"4":0,"5":0,"6":0,"7":0,"8":0,"9":0,"10":0,"11":0},"f":{},"b":{}}
,"D:\\downloads\\project\\backend\\src\\routes\\userRoutes.js": {"path":"D:\\downloads\\project\\backend\\src\\routes\\userRoutes.js","statementMap":{"0":{"start":{"line":1,"column":16},"end":{"line":1,"column":34}},"1":{"start":{"line":2,"column":24},"end":{"line":2,"column":64}},"2":{"start":{"line":3,"column":20},"end":{"line":3,"column":49}},"3":{"start":{"line":5,"column":15},"end":{"line":5,"column":31}},"4":{"start":{"line":6,"column":0},"end":{"line":6,"column":20}},"5":{"start":{"line":7,"column":0},"end":{"line":7,"column":35}},"6":{"start":{"line":9,"column":0},"end":{"line":9,"column":24}}},"fnMap":{},"branchMap":{},"s":{"0":0,"1":0,"2":0,"3":0,"4":0,"5":0,"6":0},"f":{},"b":{}}
,"D:\\downloads\\project\\backend\\src\\services\\socketEmitter.js": {"path":"D:\\downloads\\project\\backend\\src\\services\\socketEmitter.js","statementMap":{"0":{"start":{"line":1,"column":9},"end":{"line":1,"column":13}},"1":{"start":{"line":3,"column":14},"end":{"line":5,"column":1}},"2":{"start":{"line":4,"column":2},"end":{"line":4,"column":16}},"3":{"start":{"line":7,"column":24},"end":{"line":11,"column":1}},"4":{"start":{"line":8,"column":2},"end":{"line":10,"column":3}},"5":{"start":{"line":9,"column":4},"end":{"line":9,"column":48}},"6":{"start":{"line":13,"column":0},"end":{"line":13,"column":44}}},"fnMap":{"0":{"name":"(anonymous_0)","decl":{"start":{"line":3,"column":14},"end":{"line":3,"column":15}},"loc":{"start":{"line":3,"column":28},"end":{"line":5,"column":1}},"line":3},"1":{"name":"(anonymous_1)","decl":{"start":{"line":7,"column":24},"end":{"line":7,"column":25}},"loc":{"start":{"line":7,"column":50},"end":{"line":11,"column":1}},"line":7}},"branchMap":{"0":{"loc":{"start":{"line":8,"column":2},"end":{"line":10,"column":3}},"type":"if","locations":[{"start":{"line":8,"column":2},"end":{"line":10,"column":3}},{"start":{},"end":{}}],"line":8}},"s":{"0":0,"1":0,"2":0,"3":0,"4":0,"5":0,"6":0},"f":{"0":0,"1":0},"b":{"0":[0,0]}}
,"D:\\downloads\\project\\backend\\src\\socket\\index.js": {"path":"D:\\downloads\\project\\backend\\src\\socket\\index.js","statementMap":{"0":{"start":{"line":1,"column":12},"end":{"line":1,"column":35}},"1":{"start":{"line":2,"column":13},"end":{"line":2,"column":38}},"2":{"start":{"line":4,"column":19},"end":{"line":4,"column":28}},"3":{"start":{"line":6,"column":27},"end":{"line":14,"column":1}},"4":{"start":{"line":7,"column":2},"end":{"line":13,"column":3}},"5":{"start":{"line":8,"column":20},"end":{"line":8,"column":61}},"6":{"start":{"line":9,"column":17},"end":{"line":9,"column":48}},"7":{"start":{"line":10,"column":4},"end":{"line":10,"column":45}},"8":{"start":{"line":12,"column":4},"end":{"line":12,"column":16}},"9":{"start":{"line":16,"column":20},"end":{"line":59,"column":1}},"10":{"start":{"line":17,"column":2},"end":{"line":24,"column":5}},"11":{"start":{"line":18,"column":18},"end":{"line":18,"column":46}},"12":{"start":{"line":19,"column":4},"end":{"line":19,"column":66}},"13":{"start":{"line":19,"column":16},"end":{"line":19,"column":66}},"14":{"start":{"line":20,"column":19},"end":{"line":20,"column":50}},"15":{"start":{"line":21,"column":4},"end":{"line":21,"column":57}},"16":{"start":{"line":21,"column":17},"end":{"line":21,"column":57}},"17":{"start":{"line":22,"column":4},"end":{"line":22,"column":27}},"18":{"start":{"line":23,"column":4},"end":{"line":23,"column":11}},"19":{"start":{"line":26,"column":2},"end":{"line":52,"column":5}},"20":{"start":{"line":27,"column":4},"end":{"line":33,"column":7}},"21":{"start":{"line":28,"column":19},"end":{"line":28,"column":37}},"22":{"start":{"line":29,"column":6},"end":{"line":29,"column":24}},"23":{"start":{"line":30,"column":22},"end":{"line":30,"column":55}},"24":{"start":{"line":31,"column":6},"end":{"line":31,"column":33}},"25":{"start":{"line":32,"column":6},"end":{"line":32,"column":36}},"26":{"start":{"line":35,"column":4},"end":{"line":44,"column":7}},"27":{"start":{"line":36,"column":19},"end":{"line":36,"column":37}},"28":{"start":{"line":37,"column":6},"end":{"line":37,"column":25}},"29":{"start":{"line":38,"column":22},"end":{"line":38,"column":42}},"30":{"start":{"line":39,"column":6},"end":{"line":43,"column":7}},"31":{"start":{"line":40,"column":8},"end":{"line":40,"column":38}},"32":{"start":{"line":41,"column":8},"end":{"line":42,"column":43}},"33":{"start":{"line":41,"column":32},"end":{"line":41,"column":56}},"34":{"start":{"line":42,"column":13},"end":{"line":42,"column":43}},"35":{"start":{"line":46,"column":4},"end":{"line":51,"column":7}},"36":{"start":{"line":47,"column":6},"end":{"line":50,"column":9}},"37":{"start":{"line":48,"column":8},"end":{"line":48,"column":38}},"38":{"start":{"line":49,"column":8},"end":{"line":49,"column":56}},"39":{"start":{"line":49,"column":32},"end":{"line":49,"column":56}},"40":{"start":{"line":54,"column":2},"end":{"line":58,"column":4}},"41":{"start":{"line":56,"column":6},"end":{"line":56,"column":50}},"42":{"start":{"line":61,"column":0},"end":{"line":61,"column":33}}},"fnMap":{"0":{"name":"(anonymous_0)","decl":{"start":{"line":6,"column":27},"end":{"line":6,"column":28}},"loc":{"start":{"line":6,"column":44},"end":{"line":14,"column":1}},"line":6},"1":{"name":"(anonymous_1)","decl":{"start":{"line":16,"column":20},"end":{"line":16,"column":21}},"loc":{"start":{"line":16,"column":28},"end":{"line":59,"column":1}},"line":16},"2":{"name":"(anonymous_2)","decl":{"start":{"line":17,"column":9},"end":{"line":17,"column":10}},"loc":{"start":{"line":17,"column":33},"end":{"line":24,"column":3}},"line":17},"3":{"name":"(anonymous_3)","decl":{"start":{"line":26,"column":22},"end":{"line":26,"column":23}},"loc":{"start":{"line":26,"column":34},"end":{"line":52,"column":3}},"line":26},"4":{"name":"(anonymous_4)","decl":{"start":{"line":27,"column":28},"end":{"line":27,"column":29}},"loc":{"start":{"line":27,"column":41},"end":{"line":33,"column":5}},"line":27},"5":{"name":"(anonymous_5)","decl":{"start":{"line":35,"column":29},"end":{"line":35,"column":30}},"loc":{"start":{"line":35,"column":42},"end":{"line":44,"column":5}},"line":35},"6":{"name":"(anonymous_6)","decl":{"start":{"line":46,"column":28},"end":{"line":46,"column":29}},"loc":{"start":{"line":46,"column":34},"end":{"line":51,"column":5}},"line":46},"7":{"name":"(anonymous_7)","decl":{"start":{"line":47,"column":25},"end":{"line":47,"column":26}},"loc":{"start":{"line":47,"column":44},"end":{"line":50,"column":7}},"line":47},"8":{"name":"(anonymous_8)","decl":{"start":{"line":55,"column":17},"end":{"line":55,"column":18}},"loc":{"start":{"line":55,"column":43},"end":{"line":57,"column":5}},"line":55}},"branchMap":{"0":{"loc":{"start":{"line":10,"column":11},"end":{"line":10,"column":44}},"type":"cond-expr","locations":[{"start":{"line":10,"column":18},"end":{"line":10,"column":37}},{"start":{"line":10,"column":40},"end":{"line":10,"column":44}}],"line":10},"1":{"loc":{"start":{"line":19,"column":4},"end":{"line":19,"column":66}},"type":"if","locations":[{"start":{"line":19,"column":4},"end":{"line":19,"column":66}},{"start":{},"end":{}}],"line":19},"2":{"loc":{"start":{"line":21,"column":4},"end":{"line":21,"column":57}},"type":"if","locations":[{"start":{"line":21,"column":4},"end":{"line":21,"column":57}},{"start":{},"end":{}}],"line":21},"3":{"loc":{"start":{"line":30,"column":22},"end":{"line":30,"column":55}},"type":"binary-expr","locations":[{"start":{"line":30,"column":22},"end":{"line":30,"column":42}},{"start":{"line":30,"column":46},"end":{"line":30,"column":55}}],"line":30},"4":{"loc":{"start":{"line":39,"column":6},"end":{"line":43,"column":7}},"type":"if","locations":[{"start":{"line":39,"column":6},"end":{"line":43,"column":7}},{"start":{},"end":{}}],"line":39},"5":{"loc":{"start":{"line":41,"column":8},"end":{"line":42,"column":43}},"type":"if","locations":[{"start":{"line":41,"column":8},"end":{"line":42,"column":43}},{"start":{"line":42,"column":13},"end":{"line":42,"column":43}}],"line":41},"6":{"loc":{"start":{"line":49,"column":8},"end":{"line":49,"column":56}},"type":"if","locations":[{"start":{"line":49,"column":8},"end":{"line":49,"column":56}},{"start":{},"end":{}}],"line":49}},"s":{"0":0,"1":0,"2":0,"3":0,"4":0,"5":0,"6":0,"7":0,"8":0,"9":0,"10":0,"11":0,"12":0,"13":0,"14":0,"15":0,"16":0,"17":0,"18":0,"19":0,"20":0,"21":0,"22":0,"23":0,"24":0,"25":0,"26":0,"27":0,"28":0,"29":0,"30":0,"31":0,"32":0,"33":0,"34":0,"35":0,"36":0,"37":0,"38":0,"39":0,"40":0,"41":0,"42":0},"f":{"0":0,"1":0,"2":0,"3":0,"4":0,"5":0,"6":0,"7":0,"8":0},"b":{"0":[0,0],"1":[0,0],"2":[0,0],"3":[0,0],"4":[0,0],"5":[0,0],"6":[0,0]}}
}
